<?xml version="1.0" encoding="UTF-8"?>
<!-- Generated by org.testng.reporters.JUnitReportReporter -->
<testsuite hostname="mitalis-MacBook-Air.local" failures="0" tests="1" name="runner.TestRunner" time="15.552" errors="0" timestamp="2020-10-18T12:24:06 IST" skipped="0">
  <testcase classname="runner.TestRunner" name="feature" time="15.552"/>
  <system-out/>
</testsuite> <!-- runner.TestRunner -->
